2021-09-19 13:29:16,909 - INFO - Splitting - None
2021-09-19 13:30:00,414 - INFO - Splitting - [1, 2, 3, 2, 5, 6]
2021-09-19 13:30:17,937 - INFO - Splitting - [1, 2, 3]
2021-09-19 13:30:28,148 - INFO - Splitting - [1]
2021-09-19 13:30:28,149 - INFO - Splitting - [2, 3]
2021-09-19 13:30:36,141 - INFO - Splitting - [2]
2021-09-19 13:30:36,142 - INFO - Splitting - [3]
2021-09-19 13:30:36,143 - INFO - Splitting - [2, 5, 6]
2021-09-19 13:30:41,269 - INFO - Splitting - [2]
2021-09-19 13:30:41,270 - INFO - Splitting - [5, 6]
2021-09-19 13:30:44,872 - INFO - Splitting - [5]
2021-09-19 13:30:44,874 - INFO - Splitting - [6]
2021-09-19 13:31:01,378 - INFO - Splitting - [1, 2, 3, 2, 5, 6]
2021-09-19 13:31:34,483 - INFO - Splitting - [1, 2, 3]
2021-09-19 13:32:00,267 - INFO - Splitting - [1]
2021-09-19 13:32:00,268 - INFO - Splitting - [2, 3]
2021-09-19 13:33:08,043 - INFO - Splitting - [2]
2021-09-19 13:33:13,842 - INFO - Splitting - [3]
2021-09-19 13:34:16,393 - INFO - Splitting - [2, 5, 6]
2021-09-19 13:34:21,643 - INFO - Splitting - [2]
2021-09-19 13:34:22,495 - INFO - Splitting - [5, 6]
2021-09-19 13:34:25,004 - INFO - Splitting - [5]
2021-09-19 13:34:25,731 - INFO - Splitting - [6]
2021-09-19 13:39:42,003 - INFO - Splitting - [1, 2, 3, 2, 5, 6]
2021-09-19 13:40:08,984 - INFO - Splitting - [1, 2, 3]
2021-09-19 13:48:16,869 - INFO - Splitting - [1, 2, 3, 2, 5, 6]
2021-09-19 13:48:23,915 - INFO - Splitting - [1, 2, 3]
2021-09-19 13:48:28,704 - INFO - Splitting - [1]
2021-09-19 13:48:28,704 - INFO - Merging - [1]
2021-09-19 13:48:29,814 - INFO - Splitting - [2, 3]
2021-09-19 13:48:41,407 - INFO - Splitting - [2]
2021-09-19 13:48:41,408 - INFO - Merging - [2]
2021-09-19 13:48:44,379 - INFO - Splitting - [3]
2021-09-19 13:48:44,380 - INFO - Merging - [3]
2021-09-19 13:49:40,874 - INFO - Merging - [2, 3]
2021-09-19 13:51:49,707 - INFO - Merging - [1, 2, 3]
2021-09-19 13:51:55,669 - INFO - Splitting - [2, 5, 6]
2021-09-19 13:51:59,284 - INFO - Splitting - [2]
2021-09-19 13:51:59,285 - INFO - Merging - [2]
2021-09-19 13:52:00,064 - INFO - Splitting - [5, 6]
2021-09-19 13:52:03,820 - INFO - Splitting - [5]
2021-09-19 13:52:03,821 - INFO - Merging - [5]
2021-09-19 13:52:04,661 - INFO - Splitting - [6]
2021-09-19 13:52:04,662 - INFO - Merging - [6]
2021-09-19 13:52:37,406 - INFO - Merging - [5, 6]
2021-09-19 13:52:46,434 - INFO - Merging - [2, 5, 6]
2021-09-19 13:53:23,902 - INFO - Merging - [1, 2, 3, 2, 5, 6]
2021-09-19 14:00:30,568 - INFO - Splitting - [1, 2, 3, 2, 5, 6]
2021-09-19 14:00:30,569 - INFO - Splitting - [1, 2, 3]
2021-09-19 14:00:30,569 - INFO - Splitting - [1]
2021-09-19 14:00:30,569 - INFO - Merging - [1]
2021-09-19 14:00:30,569 - INFO - Splitting - [2, 3]
2021-09-19 14:00:30,569 - INFO - Splitting - [2]
2021-09-19 14:00:30,569 - INFO - Merging - [2]
2021-09-19 14:00:30,569 - INFO - Splitting - [3]
2021-09-19 14:00:30,569 - INFO - Merging - [3]
2021-09-19 14:00:30,569 - INFO - Merging - [2, 3]
2021-09-19 14:00:30,569 - INFO - Merging - [1, 2, 3]
2021-09-19 14:00:30,569 - INFO - Splitting - [2, 5, 6]
2021-09-19 14:00:30,569 - INFO - Splitting - [2]
2021-09-19 14:00:30,570 - INFO - Merging - [2]
2021-09-19 14:00:30,570 - INFO - Splitting - [5, 6]
2021-09-19 14:00:30,570 - INFO - Splitting - [5]
2021-09-19 14:00:30,570 - INFO - Merging - [5]
2021-09-19 14:00:30,570 - INFO - Splitting - [6]
2021-09-19 14:00:30,570 - INFO - Merging - [6]
2021-09-19 14:00:30,570 - INFO - Merging - [5, 6]
2021-09-19 14:00:30,570 - INFO - Merging - [2, 5, 6]
2021-09-19 14:00:30,570 - INFO - Merging - [1, 2, 3, 2, 5, 6]
2021-09-19 14:06:20,225 - INFO - Splitting - [1, 2, 3, 2, 5, 6]
2021-09-19 14:06:20,226 - INFO - Splitting - [1, 2, 3]
2021-09-19 14:06:20,226 - INFO - Splitting - [1]
2021-09-19 14:06:20,226 - INFO - Merging - [1]
2021-09-19 14:06:20,226 - INFO - Splitting - [2, 3]
2021-09-19 14:06:20,226 - INFO - Splitting - [2]
2021-09-19 14:06:20,226 - INFO - Merging - [2]
2021-09-19 14:06:20,226 - INFO - Splitting - [3]
2021-09-19 14:06:20,226 - INFO - Merging - [3]
2021-09-19 14:06:20,226 - INFO - Merging - [2, 3]
2021-09-19 14:06:20,226 - INFO - Merging - [1, 2, 3]
2021-09-19 14:06:20,226 - INFO - Splitting - [2, 5, 6]
2021-09-19 14:06:20,226 - INFO - Splitting - [2]
2021-09-19 14:06:20,226 - INFO - Merging - [2]
2021-09-19 14:06:20,226 - INFO - Splitting - [5, 6]
2021-09-19 14:06:20,226 - INFO - Splitting - [5]
2021-09-19 14:06:20,226 - INFO - Merging - [5]
2021-09-19 14:06:20,226 - INFO - Splitting - [6]
2021-09-19 14:06:20,226 - INFO - Merging - [6]
2021-09-19 14:06:20,226 - INFO - Merging - [5, 6]
2021-09-19 14:06:20,226 - INFO - Merging - [2, 5, 6]
2021-09-19 14:06:20,227 - INFO - Merging - [1, 2, 3, 2, 5, 6]
2021-09-19 14:06:21,930 - INFO - Splitting - [1, 2, 3, 2, 5, 6]
2021-09-19 14:06:21,930 - INFO - Splitting - [1, 2, 3]
2021-09-19 14:06:21,930 - INFO - Splitting - [1]
2021-09-19 14:06:21,930 - INFO - Merging - [1]
2021-09-19 14:06:21,931 - INFO - Splitting - [2, 3]
2021-09-19 14:06:21,931 - INFO - Splitting - [2]
2021-09-19 14:06:21,931 - INFO - Merging - [2]
2021-09-19 14:06:21,931 - INFO - Splitting - [3]
2021-09-19 14:06:21,931 - INFO - Merging - [3]
2021-09-19 14:06:21,931 - INFO - Merging - [2, 3]
2021-09-19 14:06:21,931 - INFO - Merging - [1, 2, 3]
2021-09-19 14:06:21,931 - INFO - Splitting - [2, 5, 6]
2021-09-19 14:06:21,931 - INFO - Splitting - [2]
2021-09-19 14:06:21,931 - INFO - Merging - [2]
2021-09-19 14:06:21,931 - INFO - Splitting - [5, 6]
2021-09-19 14:06:21,931 - INFO - Splitting - [5]
2021-09-19 14:06:21,931 - INFO - Merging - [5]
2021-09-19 14:06:21,931 - INFO - Splitting - [6]
2021-09-19 14:06:21,931 - INFO - Merging - [6]
2021-09-19 14:06:21,931 - INFO - Merging - [5, 6]
2021-09-19 14:06:21,931 - INFO - Merging - [2, 5, 6]
2021-09-19 14:06:21,932 - INFO - Merging - [1, 2, 3, 2, 5, 6]
2021-09-19 14:06:40,467 - INFO - Splitting - [1, 2, 3, 2, 5, 6]
2021-09-19 14:06:40,468 - INFO - Splitting - [1, 2, 3]
2021-09-19 14:06:40,468 - INFO - Splitting - [1]
2021-09-19 14:06:40,468 - INFO - Merging - [1]
2021-09-19 14:08:03,590 - INFO - Splitting - [1, 2, 3, 2, 5, 6]
2021-09-19 14:08:03,593 - INFO - Splitting - [1, 2, 3]
2021-09-19 14:08:03,594 - INFO - Splitting - [1]
2021-09-19 14:08:03,594 - INFO - Merging - [1]
2021-09-19 14:08:03,595 - INFO - Splitting - [2, 3]
2021-09-19 14:08:03,595 - INFO - Splitting - [2]
2021-09-19 14:08:03,596 - INFO - Merging - [2]
2021-09-19 14:08:03,597 - INFO - Splitting - [3]
2021-09-19 14:08:03,598 - INFO - Merging - [3]
2021-09-19 14:08:03,598 - INFO - Merging - [2, 3]
2021-09-19 14:08:03,599 - INFO - Merging - [1, 2, 3]
2021-09-19 14:08:03,600 - INFO - Splitting - [2, 5, 6]
2021-09-19 14:08:03,601 - INFO - Splitting - [2]
2021-09-19 14:08:03,601 - INFO - Merging - [2]
2021-09-19 14:08:03,602 - INFO - Splitting - [5, 6]
2021-09-19 14:08:03,602 - INFO - Splitting - [5]
2021-09-19 14:08:03,602 - INFO - Merging - [5]
2021-09-19 14:08:03,603 - INFO - Splitting - [6]
2021-09-19 14:08:03,603 - INFO - Merging - [6]
2021-09-19 14:08:03,604 - INFO - Merging - [5, 6]
2021-09-19 14:08:03,604 - INFO - Merging - [2, 5, 6]
2021-09-19 14:08:03,605 - INFO - Merging - [1, 2, 3, 2, 5, 6]
2021-09-19 14:08:13,564 - INFO - Splitting - [1, 2, 3, 2, 5, 6]
2021-09-19 14:08:13,566 - INFO - Splitting - [1, 2, 3]
2021-09-19 14:08:13,567 - INFO - Splitting - [1]
2021-09-19 14:08:13,568 - INFO - Merging - [1]
2021-09-19 14:08:13,569 - INFO - Splitting - [2, 3]
2021-09-19 14:08:13,569 - INFO - Splitting - [2]
2021-09-19 14:08:13,570 - INFO - Merging - [2]
2021-09-19 14:08:13,570 - INFO - Splitting - [3]
2021-09-19 14:08:13,570 - INFO - Merging - [3]
2021-09-19 14:08:13,571 - INFO - Merging - [2, 3]
2021-09-19 14:08:13,571 - INFO - Merging - [1, 2, 3]
2021-09-19 14:08:13,572 - INFO - Splitting - [2, 5, 6]
2021-09-19 14:08:13,573 - INFO - Splitting - [2]
2021-09-19 14:08:13,573 - INFO - Merging - [2]
2021-09-19 14:08:13,574 - INFO - Splitting - [5, 6]
2021-09-19 14:08:13,574 - INFO - Splitting - [5]
2021-09-19 14:08:13,575 - INFO - Merging - [5]
2021-09-19 14:08:13,575 - INFO - Splitting - [6]
2021-09-19 14:08:13,576 - INFO - Merging - [6]
2021-09-19 14:08:13,577 - INFO - Merging - [5, 6]
2021-09-19 14:08:13,577 - INFO - Merging - [2, 5, 6]
2021-09-19 14:08:13,578 - INFO - Merging - [1, 2, 3, 2, 5, 6]
